<?xml version="1.0" encoding="UTF-8"?>
<!-- Generated by org.testng.reporters.JUnitReportReporter -->
<testsuite hostname="Uttam" failures="0" tests="1" name="TestCase.Testcase_01" time="10.183" errors="0" timestamp="2025-05-05T22:54:57 IST" skipped="0">
  <testcase classname="TestCase.Testcase_01" name="main" time="10.183"/>
</testsuite> <!-- TestCase.Testcase_01 -->
