<?xml version="1.0" encoding="UTF-8"?>
<!-- Generated by org.testng.reporters.JUnitReportReporter -->
<testsuite hostname="Uttam" failures="0" tests="1" name="TestCase.Testcase_02" time="6.246" errors="0" timestamp="2025-05-05T23:12:38 IST" skipped="0">
  <testcase classname="TestCase.Testcase_02" name="main" time="6.246"/>
</testsuite> <!-- TestCase.Testcase_02 -->
