<?xml version="1.0" encoding="UTF-8"?>
<!-- Generated by org.testng.reporters.JUnitReportReporter -->
<testsuite hostname="Uttam" failures="0" tests="1" name="TestCase.Testcase_03" time="4.190" errors="0" timestamp="2025-05-05T23:22:24 IST" skipped="0">
  <testcase classname="TestCase.Testcase_03" name="main" time="4.190"/>
</testsuite> <!-- TestCase.Testcase_03 -->
